<?xml version="1.0" encoding="UTF-8"?>
<!-- Generated by org.testng.reporters.JUnitReportReporter -->
<testsuite hostname="DESKTOP-D1IA6PS" failures="0" tests="10" name="urbanladderrunner.runner" time="110.173" errors="0" timestamp="2021-09-26T09:59:43 IST" skipped="0">
  <testcase classname="urbanladderrunner.runner" name="runScenario" time="5.589"/>
  <system-out/>
  <testcase classname="urbanladderrunner.runner" name="runScenario" time="10.564"/>
  <system-out/>
  <testcase classname="urbanladderrunner.runner" name="runScenario" time="9.071"/>
  <system-out/>
  <testcase classname="urbanladderrunner.runner" name="runScenario" time="9.315"/>
  <system-out/>
  <testcase classname="urbanladderrunner.runner" name="runScenario" time="23.352"/>
  <system-out/>
  <testcase classname="urbanladderrunner.runner" name="runScenario" time="9.746"/>
  <system-out/>
  <testcase classname="urbanladderrunner.runner" name="runScenario" time="9.822"/>
  <system-out/>
  <testcase classname="urbanladderrunner.runner" name="runScenario" time="4.614"/>
  <system-out/>
  <testcase classname="urbanladderrunner.runner" name="runScenario" time="8.992"/>
  <system-out/>
  <testcase classname="urbanladderrunner.runner" name="runScenario" time="19.108"/>
  <system-out/>
</testsuite> <!-- urbanladderrunner.runner -->
