<?xml version="1.0" encoding="UTF-8"?>
<!-- Generated by org.testng.reporters.JUnitReportReporter -->
<testsuite hostname="DESKTOP-D1IA6PS" failures="0" tests="10" name="urbanladderrunner.runner" time="108.384" errors="0" timestamp="2021-09-26T10:03:15 IST" skipped="0">
  <testcase classname="urbanladderrunner.runner" name="runScenario" time="9.494"/>
  <system-out/>
  <testcase classname="urbanladderrunner.runner" name="runScenario" time="9.416"/>
  <system-out/>
  <testcase classname="urbanladderrunner.runner" name="runScenario" time="4.875"/>
  <system-out/>
  <testcase classname="urbanladderrunner.runner" name="runScenario" time="9.975"/>
  <system-out/>
  <testcase classname="urbanladderrunner.runner" name="runScenario" time="10.613"/>
  <system-out/>
  <testcase classname="urbanladderrunner.runner" name="runScenario" time="5.566"/>
  <system-out/>
  <testcase classname="urbanladderrunner.runner" name="runScenario" time="27.574"/>
  <system-out/>
  <testcase classname="urbanladderrunner.runner" name="runScenario" time="15.641"/>
  <system-out/>
  <testcase classname="urbanladderrunner.runner" name="runScenario" time="10.040"/>
  <system-out/>
  <testcase classname="urbanladderrunner.runner" name="runScenario" time="5.190"/>
  <system-out/>
</testsuite> <!-- urbanladderrunner.runner -->
